10:29:01 **** Incremental Build of configuration Nios II for project lab9 ****
make all 
Info: Building ../lab9_bsp/
C:/altera/16.0/nios2eds/bin/gnu/H-x86_64-mingw32/bin/make --no-print-directory -C ../lab9_bsp/
[BSP build complete]
Info: Compiling main.c to obj/default/main.o
nios2-elf-gcc -xc -MP -MMD -c -I../lab9_bsp//HAL/inc -I../lab9_bsp/ -I../lab9_bsp//drivers/inc  -pipe -D__hal__ -DALT_NO_INSTRUCTION_EMULATION -DALT_SINGLE_THREADED    -O0 -g -Wall   -mno-hw-div -mno-hw-mul -mno-hw-mulx  -o obj/default/main.o main.c
main.c:8:34: warning: missing braces around initializer [-Wmissing-braces]
 const uint8_t aes_sbox[16][16] = {
                                  ^
main.c:8:34: note: (near initialization for 'aes_sbox')
main.c:27:37: warning: missing braces around initializer [-Wmissing-braces]
 const uint8_t aes_invsbox[16][16] = {
                                     ^
main.c:27:37: note: (near initialization for 'aes_invsbox')
Info: Linking lab9.elf
nios2-elf-g++  -T'../lab9_bsp//linker.x' -msys-crt0='../lab9_bsp//obj/HAL/src/crt0.o' -msys-lib=hal_bsp -L../lab9_bsp/   -Wl,-Map=lab9.map   -O0 -g -Wall   -mno-hw-div -mno-hw-mul -mno-hw-mulx  -o lab9.elf obj/default/main.o -lm -msys-lib=m
nios2-elf-insert lab9.elf --thread_model hal --cpu_name nios2_qsys_0 --qsys true --simulation_enabled false --id 0 --sidp 0x48 --timestamp 1477407542 --stderr_dev jtag_uart_0 --stdin_dev jtag_uart_0 --stdout_dev jtag_uart_0 --sopc_system_name nios_system --quartus_project_dir "C:/Users/rvarma2/Desktop/ece385/lab9" --jdi ../..//output_files/lab9.jdi --sopcinfo C:/Users/rvarma2/Desktop/ece385/lab9/software/lab9_bsp/../../nios_system.sopcinfo
Info: (lab9.elf) 77 KBytes program size (code + initialized data).
Info:            130987 KBytes free for stack + heap.
Info: Creating lab9.objdump
nios2-elf-objdump --disassemble --syms --all-header --source lab9.elf >lab9.objdump
[lab9 build complete]

10:29:03 Build Finished (took 1s.872ms)

