Flow report for lab9
Mon Oct 31 14:45:26 2016
Quartus II 64-Bit Version 15.0.0 Build 145 04/22/2015 Patches 0.01we SJ Web Edition


---------------------
; Table of Contents ;
---------------------
  1. Legal Notice
  2. Flow Summary
  3. Flow Settings
  4. Flow Non-Default Global Settings
  5. Flow Elapsed Time
  6. Flow OS Summary
  7. Flow Log
  8. Flow Messages
  9. Flow Suppressed Messages



----------------
; Legal Notice ;
----------------
Copyright (C) 1991-2015 Altera Corporation. All rights reserved.
Your use of Altera Corporation's design tools, logic functions 
and other software and tools, and its AMPP partner logic 
functions, and any output files from any of the foregoing 
(including device programming or simulation files), and any 
associated documentation or information are expressly subject 
to the terms and conditions of the Altera Program License 
Subscription Agreement, the Altera Quartus II License Agreement,
the Altera MegaCore Function License Agreement, or other 
applicable license agreement, including, without limitation, 
that your use is for the sole purpose of programming logic 
devices manufactured by Altera and sold by Altera or its 
authorized distributors.  Please refer to the applicable 
agreement for further details.



+------------------------------------------------------------------------------------------------+
; Flow Summary                                                                                   ;
+------------------------------------+-----------------------------------------------------------+
; Flow Status                        ; Successful - Mon Oct 31 14:45:26 2016                     ;
; Quartus II 64-Bit Version          ; 15.0.0 Build 145 04/22/2015 Patches 0.01we SJ Web Edition ;
; Revision Name                      ; lab9                                                      ;
; Top-level Entity Name              ; lab9                                                      ;
; Family                             ; Cyclone IV E                                              ;
; Device                             ; EP4CE115F29C7                                             ;
; Timing Models                      ; Final                                                     ;
; Total logic elements               ; 3,296 / 114,480 ( 3 % )                                   ;
;     Total combinational functions  ; 2,653 / 114,480 ( 2 % )                                   ;
;     Dedicated logic registers      ; 2,225 / 114,480 ( 2 % )                                   ;
; Total registers                    ; 2344                                                      ;
; Total pins                         ; 142 / 529 ( 27 % )                                        ;
; Total virtual pins                 ; 0                                                         ;
; Total memory bits                  ; 11,392 / 3,981,312 ( < 1 % )                              ;
; Embedded Multiplier 9-bit elements ; 0 / 532 ( 0 % )                                           ;
; Total PLLs                         ; 1 / 4 ( 25 % )                                            ;
+------------------------------------+-----------------------------------------------------------+


+-----------------------------------------+
; Flow Settings                           ;
+-------------------+---------------------+
; Option            ; Setting             ;
+-------------------+---------------------+
; Start date & time ; 10/31/2016 14:43:32 ;
; Main task         ; Compilation         ;
; Revision Name     ; lab9                ;
+-------------------+---------------------+


+----------------------------------------------------------------------------------------------------------------------------------------------------+
; Flow Non-Default Global Settings                                                                                                                   ;
+-------------------------------------+---------------------------------------------------------------+---------------+-------------+----------------+
; Assignment Name                     ; Value                                                         ; Default Value ; Entity Name ; Section Id     ;
+-------------------------------------+---------------------------------------------------------------+---------------+-------------+----------------+
; COMPILER_SIGNATURE_ID               ; 1095416326112.147794301207176                                 ; --            ; --          ; --             ;
; EDA_OUTPUT_DATA_FORMAT              ; Systemverilog Hdl                                             ; --            ; --          ; eda_simulation ;
; EDA_SIMULATION_TOOL                 ; ModelSim-Altera (SystemVerilog)                               ; <None>        ; --          ; --             ;
; MAX_CORE_JUNCTION_TEMP              ; 85                                                            ; --            ; --          ; --             ;
; MIN_CORE_JUNCTION_TEMP              ; 0                                                             ; --            ; --          ; --             ;
; MISC_FILE                           ; nios_system/synthesis/../nios_system.cmp                      ; --            ; --          ; --             ;
; MISC_FILE                           ; nios_system/synthesis/../../nios_system.qsys                  ; --            ; --          ; --             ;
; NOMINAL_CORE_SUPPLY_VOLTAGE         ; 1.2V                                                          ; --            ; --          ; --             ;
; PARTITION_COLOR                     ; 16764057                                                      ; --            ; --          ; Top            ;
; PARTITION_FITTER_PRESERVATION_LEVEL ; PLACEMENT_AND_ROUTING                                         ; --            ; --          ; Top            ;
; PARTITION_NETLIST_TYPE              ; SOURCE                                                        ; --            ; --          ; Top            ;
; POWER_BOARD_THERMAL_MODEL           ; None (CONSERVATIVE)                                           ; --            ; --          ; --             ;
; POWER_PRESET_COOLING_SOLUTION       ; 23 MM HEAT SINK WITH 200 LFPM AIRFLOW                         ; --            ; --          ; --             ;
; PROJECT_OUTPUT_DIRECTORY            ; output_files                                                  ; --            ; --          ; --             ;
; SLD_FILE                            ; nios_system/synthesis/nios_system.regmap                      ; --            ; --          ; --             ;
; SLD_FILE                            ; nios_system/synthesis/nios_system.debuginfo                   ; --            ; --          ; --             ;
; SLD_INFO                            ; QSYS_NAME nios_system HAS_SOPCINFO 1 GENERATION_ID 1477613358 ; --            ; nios_system ; --             ;
; SOPCINFO_FILE                       ; nios_system/synthesis/../../nios_system.sopcinfo              ; --            ; --          ; --             ;
; SYNTHESIS_ONLY_QIP                  ; On                                                            ; --            ; --          ; --             ;
+-------------------------------------+---------------------------------------------------------------+---------------+-------------+----------------+


+-------------------------------------------------------------------------------------------------------------------------------+
; Flow Elapsed Time                                                                                                             ;
+---------------------------+--------------+-------------------------+---------------------+------------------------------------+
; Module Name               ; Elapsed Time ; Average Processors Used ; Peak Virtual Memory ; Total CPU Time (on all processors) ;
+---------------------------+--------------+-------------------------+---------------------+------------------------------------+
; Analysis & Synthesis      ; 00:00:40     ; 1.0                     ; 868 MB              ; 00:01:14                           ;
; Fitter                    ; 00:00:44     ; 1.0                     ; 1299 MB             ; 00:00:45                           ;
; Assembler                 ; 00:00:05     ; 1.0                     ; 647 MB              ; 00:00:05                           ;
; TimeQuest Timing Analyzer ; 00:00:06     ; 1.0                     ; 827 MB              ; 00:00:05                           ;
; EDA Netlist Writer        ; 00:00:05     ; 1.0                     ; 657 MB              ; 00:00:05                           ;
; Total                     ; 00:01:40     ; --                      ; --                  ; 00:02:14                           ;
+---------------------------+--------------+-------------------------+---------------------+------------------------------------+


+----------------------------------------------------------------------------------------+
; Flow OS Summary                                                                        ;
+---------------------------+------------------+-----------+------------+----------------+
; Module Name               ; Machine Hostname ; OS Name   ; OS Version ; Processor type ;
+---------------------------+------------------+-----------+------------+----------------+
; Analysis & Synthesis      ; DESKTOP-I9RG7BR  ; Windows 7 ; 6.2        ; x86_64         ;
; Fitter                    ; DESKTOP-I9RG7BR  ; Windows 7 ; 6.2        ; x86_64         ;
; Assembler                 ; DESKTOP-I9RG7BR  ; Windows 7 ; 6.2        ; x86_64         ;
; TimeQuest Timing Analyzer ; DESKTOP-I9RG7BR  ; Windows 7 ; 6.2        ; x86_64         ;
; EDA Netlist Writer        ; DESKTOP-I9RG7BR  ; Windows 7 ; 6.2        ; x86_64         ;
+---------------------------+------------------+-----------+------------+----------------+


------------
; Flow Log ;
------------
quartus_map --read_settings_files=on --write_settings_files=off lab9 -c lab9
quartus_fit --read_settings_files=off --write_settings_files=off lab9 -c lab9
quartus_asm --read_settings_files=off --write_settings_files=off lab9 -c lab9
quartus_sta lab9 -c lab9
quartus_eda --read_settings_files=off --write_settings_files=off lab9 -c lab9



